connect.multipart() will be removed in connect 3.0
visit https://github.com/senchalabs/connect/wiki/Connect-3.0 for alternatives
connect.limit() will be removed in connect 3.0
connect.multipart() will be removed in connect 3.0
visit https://github.com/senchalabs/connect/wiki/Connect-3.0 for alternatives
connect.limit() will be removed in connect 3.0
connect.multipart() will be removed in connect 3.0
visit https://github.com/senchalabs/connect/wiki/Connect-3.0 for alternatives
connect.limit() will be removed in connect 3.0
connect.multipart() will be removed in connect 3.0
visit https://github.com/senchalabs/connect/wiki/Connect-3.0 for alternatives
connect.limit() will be removed in connect 3.0
connect.multipart() will be removed in connect 3.0
visit https://github.com/senchalabs/connect/wiki/Connect-3.0 for alternatives
connect.limit() will be removed in connect 3.0
connect.multipart() will be removed in connect 3.0
visit https://github.com/senchalabs/connect/wiki/Connect-3.0 for alternatives
connect.limit() will be removed in connect 3.0
connect.multipart() will be removed in connect 3.0
visit https://github.com/senchalabs/connect/wiki/Connect-3.0 for alternatives
connect.limit() will be removed in connect 3.0
connect.multipart() will be removed in connect 3.0
visit https://github.com/senchalabs/connect/wiki/Connect-3.0 for alternatives
connect.limit() will be removed in connect 3.0
connect.multipart() will be removed in connect 3.0
visit https://github.com/senchalabs/connect/wiki/Connect-3.0 for alternatives
connect.limit() will be removed in connect 3.0
connect.multipart() will be removed in connect 3.0
visit https://github.com/senchalabs/connect/wiki/Connect-3.0 for alternatives
connect.limit() will be removed in connect 3.0
connect.multipart() will be removed in connect 3.0
visit https://github.com/senchalabs/connect/wiki/Connect-3.0 for alternatives
connect.limit() will be removed in connect 3.0

events.js:66
        throw arguments[1]; // Unhandled 'error' event
                       ^
Error: failed to connect to [localhost:27017]
    at Server.connect.connectionPool.on.server._serverState (/home/ec2-user/EJ-Assets/node_modules/mongodb/lib/mongodb/connection/server.js:553:74)
    at EventEmitter.emit (events.js:115:20)
    at connection.on._self._poolState (/home/ec2-user/EJ-Assets/node_modules/mongodb/lib/mongodb/connection/connection_pool.js:140:15)
    at EventEmitter.emit (events.js:91:17)
    at Socket.errorHandler (/home/ec2-user/EJ-Assets/node_modules/mongodb/lib/mongodb/connection/connection.js:512:10)
    at Socket.EventEmitter.emit (events.js:88:17)
    at Socket._destroy.self.errorEmitted (net.js:328:14)
    at process.startup.processNextTick.process._tickCallback (node.js:244:9)
connect.multipart() will be removed in connect 3.0
visit https://github.com/senchalabs/connect/wiki/Connect-3.0 for alternatives
connect.limit() will be removed in connect 3.0

events.js:66
        throw arguments[1]; // Unhandled 'error' event
                       ^
Error: failed to connect to [localhost:27017]
    at Server.connect.connectionPool.on.server._serverState (/home/ec2-user/EJ-Assets/node_modules/mongodb/lib/mongodb/connection/server.js:553:74)
    at EventEmitter.emit (events.js:115:20)
    at connection.on._self._poolState (/home/ec2-user/EJ-Assets/node_modules/mongodb/lib/mongodb/connection/connection_pool.js:140:15)
    at EventEmitter.emit (events.js:91:17)
    at Socket.errorHandler (/home/ec2-user/EJ-Assets/node_modules/mongodb/lib/mongodb/connection/connection.js:512:10)
    at Socket.EventEmitter.emit (events.js:88:17)
    at Socket._destroy.self.errorEmitted (net.js:328:14)
    at process.startup.processNextTick.process._tickCallback (node.js:244:9)
connect.multipart() will be removed in connect 3.0
visit https://github.com/senchalabs/connect/wiki/Connect-3.0 for alternatives
connect.limit() will be removed in connect 3.0
connect.multipart() will be removed in connect 3.0
visit https://github.com/senchalabs/connect/wiki/Connect-3.0 for alternatives
connect.limit() will be removed in connect 3.0
connect.multipart() will be removed in connect 3.0
visit https://github.com/senchalabs/connect/wiki/Connect-3.0 for alternatives
connect.limit() will be removed in connect 3.0
connect.multipart() will be removed in connect 3.0
visit https://github.com/senchalabs/connect/wiki/Connect-3.0 for alternatives
connect.limit() will be removed in connect 3.0
connect.multipart() will be removed in connect 3.0
visit https://github.com/senchalabs/connect/wiki/Connect-3.0 for alternatives
connect.limit() will be removed in connect 3.0
Warning: missing space before text for line 81 of jade file "/home/ec2-user/EJ-Assets/views/template.jade"
Warning: missing space before text for line 81 of jade file "/home/ec2-user/EJ-Assets/views/template.jade"
Warning: missing space before text for line 81 of jade file "/home/ec2-user/EJ-Assets/views/template.jade"
connect.multipart() will be removed in connect 3.0
visit https://github.com/senchalabs/connect/wiki/Connect-3.0 for alternatives
connect.limit() will be removed in connect 3.0
Warning: missing space before text for line 84 of jade file "/home/ec2-user/EJ-Assets/views/template.jade"
Warning: missing space before text for line 89 of jade file "/home/ec2-user/EJ-Assets/views/template.jade"
Warning: missing space before text for line 84 of jade file "/home/ec2-user/EJ-Assets/views/template.jade"
Warning: missing space before text for line 89 of jade file "/home/ec2-user/EJ-Assets/views/template.jade"
Warning: missing space before text for line 84 of jade file "/home/ec2-user/EJ-Assets/views/template.jade"
Warning: missing space before text for line 89 of jade file "/home/ec2-user/EJ-Assets/views/template.jade"
Warning: missing space before text for line 84 of jade file "/home/ec2-user/EJ-Assets/views/template.jade"
Warning: missing space before text for line 89 of jade file "/home/ec2-user/EJ-Assets/views/template.jade"
Warning: missing space before text for line 84 of jade file "/home/ec2-user/EJ-Assets/views/template.jade"
Warning: missing space before text for line 89 of jade file "/home/ec2-user/EJ-Assets/views/template.jade"
Warning: missing space before text for line 84 of jade file "/home/ec2-user/EJ-Assets/views/template.jade"
Warning: missing space before text for line 89 of jade file "/home/ec2-user/EJ-Assets/views/template.jade"
Warning: missing space before text for line 84 of jade file "/home/ec2-user/EJ-Assets/views/template.jade"
Warning: missing space before text for line 89 of jade file "/home/ec2-user/EJ-Assets/views/template.jade"
Warning: missing space before text for line 84 of jade file "/home/ec2-user/EJ-Assets/views/template.jade"
Warning: missing space before text for line 89 of jade file "/home/ec2-user/EJ-Assets/views/template.jade"
Warning: missing space before text for line 84 of jade file "/home/ec2-user/EJ-Assets/views/template.jade"
Warning: missing space before text for line 89 of jade file "/home/ec2-user/EJ-Assets/views/template.jade"
Warning: missing space before text for line 84 of jade file "/home/ec2-user/EJ-Assets/views/template.jade"
Warning: missing space before text for line 89 of jade file "/home/ec2-user/EJ-Assets/views/template.jade"
Warning: missing space before text for line 84 of jade file "/home/ec2-user/EJ-Assets/views/template.jade"
Warning: missing space before text for line 89 of jade file "/home/ec2-user/EJ-Assets/views/template.jade"
Warning: missing space before text for line 84 of jade file "/home/ec2-user/EJ-Assets/views/template.jade"
Warning: missing space before text for line 89 of jade file "/home/ec2-user/EJ-Assets/views/template.jade"
Warning: missing space before text for line 84 of jade file "/home/ec2-user/EJ-Assets/views/template.jade"
Warning: missing space before text for line 89 of jade file "/home/ec2-user/EJ-Assets/views/template.jade"
Warning: missing space before text for line 84 of jade file "/home/ec2-user/EJ-Assets/views/template.jade"
Warning: missing space before text for line 89 of jade file "/home/ec2-user/EJ-Assets/views/template.jade"
Warning: missing space before text for line 84 of jade file "/home/ec2-user/EJ-Assets/views/template.jade"
Warning: missing space before text for line 89 of jade file "/home/ec2-user/EJ-Assets/views/template.jade"
Warning: missing space before text for line 84 of jade file "/home/ec2-user/EJ-Assets/views/template.jade"
Warning: missing space before text for line 89 of jade file "/home/ec2-user/EJ-Assets/views/template.jade"
Warning: missing space before text for line 84 of jade file "/home/ec2-user/EJ-Assets/views/template.jade"
Warning: missing space before text for line 89 of jade file "/home/ec2-user/EJ-Assets/views/template.jade"
Warning: missing space before text for line 84 of jade file "/home/ec2-user/EJ-Assets/views/template.jade"
Warning: missing space before text for line 89 of jade file "/home/ec2-user/EJ-Assets/views/template.jade"
Warning: missing space before text for line 84 of jade file "/home/ec2-user/EJ-Assets/views/template.jade"
Warning: missing space before text for line 89 of jade file "/home/ec2-user/EJ-Assets/views/template.jade"
Warning: missing space before text for line 84 of jade file "/home/ec2-user/EJ-Assets/views/template.jade"
Warning: missing space before text for line 89 of jade file "/home/ec2-user/EJ-Assets/views/template.jade"
Warning: missing space before text for line 84 of jade file "/home/ec2-user/EJ-Assets/views/template.jade"
Warning: missing space before text for line 89 of jade file "/home/ec2-user/EJ-Assets/views/template.jade"
Warning: missing space before text for line 84 of jade file "/home/ec2-user/EJ-Assets/views/template.jade"
Warning: missing space before text for line 89 of jade file "/home/ec2-user/EJ-Assets/views/template.jade"
Warning: missing space before text for line 84 of jade file "/home/ec2-user/EJ-Assets/views/template.jade"
Warning: missing space before text for line 89 of jade file "/home/ec2-user/EJ-Assets/views/template.jade"
Warning: missing space before text for line 84 of jade file "/home/ec2-user/EJ-Assets/views/template.jade"
Warning: missing space before text for line 89 of jade file "/home/ec2-user/EJ-Assets/views/template.jade"
Warning: missing space before text for line 84 of jade file "/home/ec2-user/EJ-Assets/views/template.jade"
Warning: missing space before text for line 89 of jade file "/home/ec2-user/EJ-Assets/views/template.jade"
Warning: missing space before text for line 84 of jade file "/home/ec2-user/EJ-Assets/views/template.jade"
Warning: missing space before text for line 89 of jade file "/home/ec2-user/EJ-Assets/views/template.jade"
Warning: missing space before text for line 84 of jade file "/home/ec2-user/EJ-Assets/views/template.jade"
Warning: missing space before text for line 89 of jade file "/home/ec2-user/EJ-Assets/views/template.jade"
Error: Request aborted
    at IncomingMessage.onReqAborted (/home/ec2-user/EJ-Assets/node_modules/express/node_modules/connect/node_modules/multiparty/index.js:131:17)
    at IncomingMessage.EventEmitter.emit (events.js:85:17)
    at abortIncoming (http.js:1648:11)
    at Socket.serverSocketCloseListener (http.js:1659:5)
    at Socket.EventEmitter.emit (events.js:115:20)
    at Socket._destroy.destroyed (net.js:357:10)
    at process.startup.processNextTick.process._tickCallback (node.js:244:9)
Warning: missing space before text for line 84 of jade file "/home/ec2-user/EJ-Assets/views/template.jade"
Warning: missing space before text for line 89 of jade file "/home/ec2-user/EJ-Assets/views/template.jade"
Warning: missing space before text for line 84 of jade file "/home/ec2-user/EJ-Assets/views/template.jade"
Warning: missing space before text for line 89 of jade file "/home/ec2-user/EJ-Assets/views/template.jade"
Warning: missing space before text for line 84 of jade file "/home/ec2-user/EJ-Assets/views/template.jade"
Warning: missing space before text for line 89 of jade file "/home/ec2-user/EJ-Assets/views/template.jade"
Warning: missing space before text for line 84 of jade file "/home/ec2-user/EJ-Assets/views/template.jade"
Warning: missing space before text for line 89 of jade file "/home/ec2-user/EJ-Assets/views/template.jade"
Warning: missing space before text for line 84 of jade file "/home/ec2-user/EJ-Assets/views/template.jade"
Warning: missing space before text for line 89 of jade file "/home/ec2-user/EJ-Assets/views/template.jade"
Warning: missing space before text for line 84 of jade file "/home/ec2-user/EJ-Assets/views/template.jade"
Warning: missing space before text for line 89 of jade file "/home/ec2-user/EJ-Assets/views/template.jade"
Warning: missing space before text for line 84 of jade file "/home/ec2-user/EJ-Assets/views/template.jade"
Warning: missing space before text for line 89 of jade file "/home/ec2-user/EJ-Assets/views/template.jade"
Warning: missing space before text for line 84 of jade file "/home/ec2-user/EJ-Assets/views/template.jade"
Warning: missing space before text for line 89 of jade file "/home/ec2-user/EJ-Assets/views/template.jade"
Warning: missing space before text for line 84 of jade file "/home/ec2-user/EJ-Assets/views/template.jade"
Warning: missing space before text for line 89 of jade file "/home/ec2-user/EJ-Assets/views/template.jade"
Warning: missing space before text for line 84 of jade file "/home/ec2-user/EJ-Assets/views/template.jade"
Warning: missing space before text for line 89 of jade file "/home/ec2-user/EJ-Assets/views/template.jade"
Warning: missing space before text for line 84 of jade file "/home/ec2-user/EJ-Assets/views/template.jade"
Warning: missing space before text for line 89 of jade file "/home/ec2-user/EJ-Assets/views/template.jade"
Warning: missing space before text for line 84 of jade file "/home/ec2-user/EJ-Assets/views/template.jade"
Warning: missing space before text for line 89 of jade file "/home/ec2-user/EJ-Assets/views/template.jade"
Warning: missing space before text for line 84 of jade file "/home/ec2-user/EJ-Assets/views/template.jade"
Warning: missing space before text for line 89 of jade file "/home/ec2-user/EJ-Assets/views/template.jade"
Warning: missing space before text for line 84 of jade file "/home/ec2-user/EJ-Assets/views/template.jade"
Warning: missing space before text for line 89 of jade file "/home/ec2-user/EJ-Assets/views/template.jade"
Only .jpg files are allowed!
Error: Request aborted
    at IncomingMessage.onReqAborted (/home/ec2-user/EJ-Assets/node_modules/express/node_modules/connect/node_modules/multiparty/index.js:131:17)
    at IncomingMessage.EventEmitter.emit (events.js:85:17)
    at abortIncoming (http.js:1648:11)
    at Socket.serverSocketCloseListener (http.js:1659:5)
    at Socket.EventEmitter.emit (events.js:115:20)
    at Socket._destroy.destroyed (net.js:357:10)
    at process.startup.processNextTick.process._tickCallback (node.js:244:9)
Only .jpg files are allowed!
Error: Request aborted
    at IncomingMessage.onReqAborted (/home/ec2-user/EJ-Assets/node_modules/express/node_modules/connect/node_modules/multiparty/index.js:131:17)
    at IncomingMessage.EventEmitter.emit (events.js:85:17)
    at abortIncoming (http.js:1648:11)
    at Socket.socket.onend (http.js:1728:7)
    at TCP.onread (net.js:418:26)
Warning: missing space before text for line 84 of jade file "/home/ec2-user/EJ-Assets/views/template.jade"
Warning: missing space before text for line 89 of jade file "/home/ec2-user/EJ-Assets/views/template.jade"
Warning: missing space before text for line 84 of jade file "/home/ec2-user/EJ-Assets/views/template.jade"
Warning: missing space before text for line 89 of jade file "/home/ec2-user/EJ-Assets/views/template.jade"
Warning: missing space before text for line 84 of jade file "/home/ec2-user/EJ-Assets/views/template.jade"
Warning: missing space before text for line 89 of jade file "/home/ec2-user/EJ-Assets/views/template.jade"
connect.multipart() will be removed in connect 3.0
visit https://github.com/senchalabs/connect/wiki/Connect-3.0 for alternatives
connect.limit() will be removed in connect 3.0
connect.multipart() will be removed in connect 3.0
visit https://github.com/senchalabs/connect/wiki/Connect-3.0 for alternatives
connect.limit() will be removed in connect 3.0

module.js:340
    throw err;
          ^
Error: Cannot find module 'xml'
    at Function.Module._resolveFilename (module.js:338:15)
    at Function.Module._load (module.js:280:25)
    at Module.require (module.js:362:17)
    at require (module.js:378:17)
    at Object.<anonymous> (/home/ec2-user/EJ-Assets/config/zoho.js:6:11)
    at Module._compile (module.js:449:26)
    at Object.Module._extensions..js (module.js:467:10)
    at Module.load (module.js:356:32)
    at Function.Module._load (module.js:312:12)
    at Module.require (module.js:362:17)

module.js:340
    throw err;
          ^
Error: Cannot find module 'xml'
    at Function.Module._resolveFilename (module.js:338:15)
    at Function.Module._load (module.js:280:25)
    at Module.require (module.js:362:17)
    at require (module.js:378:17)
    at Object.<anonymous> (/home/ec2-user/EJ-Assets/config/zoho.js:6:11)
    at Module._compile (module.js:449:26)
    at Object.Module._extensions..js (module.js:467:10)
    at Module.load (module.js:356:32)
    at Function.Module._load (module.js:312:12)
    at Module.require (module.js:362:17)

module.js:340
    throw err;
          ^
Error: Cannot find module 'xml'
    at Function.Module._resolveFilename (module.js:338:15)
    at Function.Module._load (module.js:280:25)
    at Module.require (module.js:362:17)
    at require (module.js:378:17)
    at Object.<anonymous> (/home/ec2-user/EJ-Assets/config/zoho.js:6:11)
    at Module._compile (module.js:449:26)
    at Object.Module._extensions..js (module.js:467:10)
    at Module.load (module.js:356:32)
    at Function.Module._load (module.js:312:12)
    at Module.require (module.js:362:17)
connect.multipart() will be removed in connect 3.0
visit https://github.com/senchalabs/connect/wiki/Connect-3.0 for alternatives
connect.limit() will be removed in connect 3.0
connect.multipart() will be removed in connect 3.0
visit https://github.com/senchalabs/connect/wiki/Connect-3.0 for alternatives
connect.limit() will be removed in connect 3.0

/home/ec2-user/EJ-Assets/routes/routes.js:188
            cid : contact.id,
                         ^
TypeError: Cannot read property 'id' of undefined
    at module.exports.app.post.res.json.success (/home/ec2-user/EJ-Assets/routes/routes.js:188:26)
    at Request.OnePageCRM.execute [as _callback] (/home/ec2-user/EJ-Assets/config/onepage.js:53:5)
    at Request.init.self.callback (/home/ec2-user/EJ-Assets/node_modules/request/request.js:121:22)
    at Request.EventEmitter.emit (events.js:91:17)
    at Request.onResponse (/home/ec2-user/EJ-Assets/node_modules/request/request.js:978:14)
    at Request.EventEmitter.emit (events.js:115:20)
    at IncomingMessage.Request.onResponse.buffer (/home/ec2-user/EJ-Assets/node_modules/request/request.js:929:12)
    at IncomingMessage.EventEmitter.emit (events.js:115:20)
    at IncomingMessage._emitEnd (http.js:366:10)
    at HTTPParser.parserOnMessageComplete [as onMessageComplete] (http.js:149:23)
connect.multipart() will be removed in connect 3.0
visit https://github.com/senchalabs/connect/wiki/Connect-3.0 for alternatives
connect.limit() will be removed in connect 3.0
Warning: missing space before text for line 84 of jade file "/home/ec2-user/EJ-Assets/views/template.jade"
Warning: missing space before text for line 89 of jade file "/home/ec2-user/EJ-Assets/views/template.jade"
Warning: missing space before text for line 84 of jade file "/home/ec2-user/EJ-Assets/views/template.jade"
Warning: missing space before text for line 89 of jade file "/home/ec2-user/EJ-Assets/views/template.jade"
Only .jpg files are allowed!
Error: Request aborted
    at IncomingMessage.onReqAborted (/home/ec2-user/EJ-Assets/node_modules/express/node_modules/connect/node_modules/multiparty/index.js:131:17)
    at IncomingMessage.EventEmitter.emit (events.js:85:17)
    at abortIncoming (http.js:1648:11)
    at Socket.socket.onend (http.js:1728:7)
    at TCP.onread (net.js:418:26)
